{"level":"info","time":1778135823,"caller":"/Users/zhaosong/proj/go_proj2/backend/config/log.go:40","message":"Logger initialized, outputting to console and file"}
{"level":"info","time":1778135823,"caller":"/Users/zhaosong/proj/go_proj2/backend/config/database.go:70","message":"WAL mode enabled successfully"}
{"level":"info","time":1778135823,"caller":"/Users/zhaosong/proj/go_proj2/backend/config/database.go:50","message":"Database initialized successfully"}
{"level":"info","time":1778135823,"caller":"/Users/zhaosong/proj/go_proj2/backend/cmd/main.go:44","message":"Server is running on http://localhost:8080"}
{"level":"info","time":1778136165,"caller":"/Users/zhaosong/proj/go_proj2/backend/config/log.go:40","message":"Logger initialized, outputting to console and file"}
{"level":"info","time":1778136165,"caller":"/Users/zhaosong/proj/go_proj2/backend/config/database.go:70","message":"WAL mode enabled successfully"}
{"level":"info","time":1778136165,"caller":"/Users/zhaosong/proj/go_proj2/backend/config/database.go:50","message":"Database initialized successfully"}
{"level":"info","time":1778136165,"caller":"/Users/zhaosong/proj/go_proj2/backend/cmd/main.go:44","message":"Server is running on http://localhost:8080"}
{"level":"info","id":1,"email":"test@example.com","time":1778136172,"caller":"/Users/zhaosong/proj/go_proj2/backend/repository/user_repository.go:73","message":"User created successfully"}
{"level":"info","id":1,"email":"test@example.com","time":1778136172,"caller":"/Users/zhaosong/proj/go_proj2/backend/service/user_service.go:123","message":"User created via service"}
{"level":"info","id":1,"email":"test@example.com","time":1778136172,"caller":"/Users/zhaosong/proj/go_proj2/backend/handler/user_handler.go:92","message":"User created via handler"}
{"level":"info","time":1778136443,"caller":"/Users/zhaosong/proj/go_proj2/backend/config/log.go:40","message":"Logger initialized, outputting to console and file"}
{"level":"info","time":1778136443,"caller":"/Users/zhaosong/proj/go_proj2/backend/config/database.go:70","message":"WAL mode enabled successfully"}
{"level":"info","time":1778136443,"caller":"/Users/zhaosong/proj/go_proj2/backend/config/database.go:50","message":"Database initialized successfully"}
{"level":"info","time":1778136443,"caller":"/Users/zhaosong/proj/go_proj2/backend/cmd/main.go:44","message":"Server is running on http://localhost:8080"}
{"level":"info","method":"GET","path":"/health","query":"","status":200,"duration":0.017362,"remote_addr":"[::1]:57113","time":1778136454,"caller":"/Users/zhaosong/proj/go_proj2/backend/middleware/logger.go:41","message":"Request processed"}
{"level":"info","id":2,"email":"middleware@test.com","time":1778136454,"caller":"/Users/zhaosong/proj/go_proj2/backend/repository/user_repository.go:73","message":"User created successfully"}
{"level":"info","id":2,"email":"middleware@test.com","time":1778136454,"caller":"/Users/zhaosong/proj/go_proj2/backend/service/user_service.go:123","message":"User created via service"}
{"level":"info","id":2,"email":"middleware@test.com","time":1778136454,"caller":"/Users/zhaosong/proj/go_proj2/backend/handler/user_handler.go:92","message":"User created via handler"}
{"level":"info","method":"POST","path":"/api/v1/users","query":"","status":201,"duration":0.932958,"remote_addr":"[::1]:57114","time":1778136454,"caller":"/Users/zhaosong/proj/go_proj2/backend/middleware/logger.go:41","message":"Request processed"}
{"level":"info","method":"GET","path":"/api/v1/users","query":"","status":200,"duration":0.499059,"remote_addr":"[::1]:57115","time":1778136454,"caller":"/Users/zhaosong/proj/go_proj2/backend/middleware/logger.go:41","message":"Request processed"}
{"level":"info","time":1778136891,"caller":"/Users/zhaosong/proj/go_proj2/backend/config/log.go:40","message":"Logger initialized, outputting to console and file"}
{"level":"info","time":1778136891,"caller":"/Users/zhaosong/proj/go_proj2/backend/config/database.go:70","message":"WAL mode enabled successfully"}
{"level":"info","time":1778136891,"caller":"/Users/zhaosong/proj/go_proj2/backend/config/database.go:50","message":"Database initialized successfully"}
{"level":"info","time":1778136891,"caller":"/Users/zhaosong/proj/go_proj2/backend/cmd/main.go:44","message":"Server is running on http://localhost:8080"}
{"level":"info","method":"GET","path":"/api/v1/users","query":"","status":200,"duration":1.418467,"remote_addr":"[::1]:59172","time":1778136896,"caller":"/Users/zhaosong/proj/go_proj2/backend/middleware/logger.go:41","message":"Request processed"}
{"level":"info","id":3,"email":"copier@test.com","time":1778136896,"caller":"/Users/zhaosong/proj/go_proj2/backend/repository/user_repository.go:73","message":"User created successfully"}
{"level":"info","id":3,"email":"copier@test.com","time":1778136896,"caller":"/Users/zhaosong/proj/go_proj2/backend/service/user_service.go:136","message":"User created via service"}
{"level":"info","id":3,"email":"copier@test.com","time":1778136896,"caller":"/Users/zhaosong/proj/go_proj2/backend/handler/user_handler.go:92","message":"User created via handler"}
{"level":"info","method":"POST","path":"/api/v1/users","query":"","status":201,"duration":1.298174,"remote_addr":"[::1]:59173","time":1778136896,"caller":"/Users/zhaosong/proj/go_proj2/backend/middleware/logger.go:41","message":"Request processed"}
{"level":"info","time":1778137065,"caller":"/Users/zhaosong/proj/go_proj2/backend/config/log.go:40","message":"Logger initialized, outputting to console and file"}
{"level":"info","time":1778137065,"caller":"/Users/zhaosong/proj/go_proj2/backend/config/database.go:70","message":"WAL mode enabled successfully"}
{"level":"info","time":1778137065,"caller":"/Users/zhaosong/proj/go_proj2/backend/config/database.go:50","message":"Database initialized successfully"}
{"level":"info","time":1778137065,"caller":"/Users/zhaosong/proj/go_proj2/backend/cmd/main.go:44","message":"Server is running on http://localhost:8080"}
{"level":"info","method":"GET","path":"/api/v1/users","query":"","status":200,"duration":1.193334,"remote_addr":"[::1]:59989","time":1778137071,"caller":"/Users/zhaosong/proj/go_proj2/backend/middleware/logger.go:41","message":"Request processed"}
{"level":"info","id":4,"email":"service@test.com","time":1778137071,"caller":"/Users/zhaosong/proj/go_proj2/backend/repository/user_repository.go:73","message":"User created successfully"}
{"level":"info","id":4,"email":"service@test.com","time":1778137071,"caller":"/Users/zhaosong/proj/go_proj2/backend/service/user_service.go:140","message":"User created via service"}
{"level":"info","id":4,"email":"service@test.com","time":1778137071,"caller":"/Users/zhaosong/proj/go_proj2/backend/handler/user_handler.go:92","message":"User created via handler"}
{"level":"info","method":"POST","path":"/api/v1/users","query":"","status":201,"duration":0.803895,"remote_addr":"[::1]:59990","time":1778137071,"caller":"/Users/zhaosong/proj/go_proj2/backend/middleware/logger.go:41","message":"Request processed"}
{"level":"info","time":1778137459,"caller":"/Users/zhaosong/proj/go_proj2/backend/config/log.go:40","message":"Logger initialized, outputting to console and file"}
{"level":"info","time":1778137459,"caller":"/Users/zhaosong/proj/go_proj2/backend/config/database.go:70","message":"WAL mode enabled successfully"}
{"level":"info","time":1778137459,"caller":"/Users/zhaosong/proj/go_proj2/backend/config/database.go:50","message":"Database initialized successfully"}
{"level":"info","time":1778137459,"caller":"/Users/zhaosong/proj/go_proj2/backend/cmd/main.go:44","message":"Server is running on http://localhost:8080"}
{"level":"info","method":"GET","path":"/api/v1/users","query":"","status":200,"duration":0.839094,"remote_addr":"[::1]:61857","time":1778137465,"caller":"/Users/zhaosong/proj/go_proj2/backend/middleware/logger.go:41","message":"Request processed"}
{"level":"info","id":5,"email":"dto@test.com","time":1778137465,"caller":"/Users/zhaosong/proj/go_proj2/backend/repository/user_repository.go:73","message":"User created successfully"}
{"level":"info","id":5,"email":"dto@test.com","time":1778137465,"caller":"/Users/zhaosong/proj/go_proj2/backend/service/user_service.go:141","message":"User created via service"}
{"level":"info","id":5,"email":"dto@test.com","time":1778137465,"caller":"/Users/zhaosong/proj/go_proj2/backend/handler/user_handler.go:94","message":"User created via handler"}
{"level":"info","method":"POST","path":"/api/v1/users","query":"","status":201,"duration":0.833434,"remote_addr":"[::1]:61858","time":1778137465,"caller":"/Users/zhaosong/proj/go_proj2/backend/middleware/logger.go:41","message":"Request processed"}
{"level":"info","time":1778138032,"caller":"/Users/zhaosong/proj/go_proj2/backend/config/log.go:40","message":"Logger initialized, outputting to console and file"}
{"level":"info","time":1778138032,"caller":"/Users/zhaosong/proj/go_proj2/backend/config/database.go:70","message":"WAL mode enabled successfully"}
{"level":"info","time":1778138032,"caller":"/Users/zhaosong/proj/go_proj2/backend/config/database.go:50","message":"Database initialized successfully"}
{"level":"info","time":1778138032,"caller":"/Users/zhaosong/proj/go_proj2/backend/cmd/main.go:44","message":"Server is running on http://localhost:8080"}
{"level":"info","time":1778138035,"caller":"/Users/zhaosong/proj/go_proj2/backend/cmd/main.go:54","message":"Shutting down server..."}
{"level":"info","time":1778138035,"caller":"/Users/zhaosong/proj/go_proj2/backend/cmd/main.go:67","message":"Server exiting"}
{"level":"info","time":1778138600,"caller":"/Users/zhaosong/proj/go_proj2/backend/config/log.go:40","message":"Logger initialized, outputting to console and file"}
{"level":"info","time":1778138600,"caller":"/Users/zhaosong/proj/go_proj2/backend/config/database.go:70","message":"WAL mode enabled successfully"}
{"level":"info","time":1778138600,"caller":"/Users/zhaosong/proj/go_proj2/backend/config/database.go:50","message":"Database initialized successfully"}
{"level":"info","time":1778138600,"caller":"/Users/zhaosong/proj/go_proj2/backend/cmd/main.go:44","message":"Server is running on http://localhost:8080"}
{"level":"info","request_id":"18458587-501a-4c67-ade7-3db77acfd46c","id":6,"email":"reqid@test.com","time":1778138604,"caller":"/Users/zhaosong/proj/go_proj2/backend/repository/user_repository.go:80","message":"User created successfully"}
{"level":"info","request_id":"18458587-501a-4c67-ade7-3db77acfd46c","id":6,"email":"reqid@test.com","time":1778138604,"caller":"/Users/zhaosong/proj/go_proj2/backend/service/user_service.go:150","message":"User created via service"}
{"level":"info","request_id":"18458587-501a-4c67-ade7-3db77acfd46c","id":6,"email":"reqid@test.com","time":1778138604,"caller":"/Users/zhaosong/proj/go_proj2/backend/handler/user_handler.go:104","message":"User created via handler"}
{"level":"info","request_id":"18458587-501a-4c67-ade7-3db77acfd46c","method":"POST","path":"/api/v1/users","query":"","status":201,"duration":1.991313,"remote_addr":"[::1]:50785","time":1778138604,"caller":"/Users/zhaosong/proj/go_proj2/backend/middleware/logger.go:44","message":"Request processed"}
{"level":"info","time":1778138809,"caller":"/Users/zhaosong/proj/go_proj2/backend/config/log.go:40","message":"Logger initialized, outputting to console and file"}
{"level":"info","time":1778138809,"caller":"/Users/zhaosong/proj/go_proj2/backend/config/database.go:70","message":"WAL mode enabled successfully"}
{"level":"info","time":1778138809,"caller":"/Users/zhaosong/proj/go_proj2/backend/config/database.go:50","message":"Database initialized successfully"}
{"level":"info","time":1778138809,"caller":"/Users/zhaosong/proj/go_proj2/backend/cmd/main.go:44","message":"Server is running on http://localhost:8080"}
{"level":"fatal","error":"listen tcp :8080: bind: address already in use","time":1778138809,"caller":"/Users/zhaosong/proj/go_proj2/backend/cmd/main.go:46","message":"Failed to start server"}
{"level":"info","time":1778138824,"caller":"/Users/zhaosong/proj/go_proj2/backend/config/log.go:40","message":"Logger initialized, outputting to console and file"}
{"level":"info","time":1778138824,"caller":"/Users/zhaosong/proj/go_proj2/backend/config/database.go:70","message":"WAL mode enabled successfully"}
{"level":"info","time":1778138824,"caller":"/Users/zhaosong/proj/go_proj2/backend/config/database.go:50","message":"Database initialized successfully"}
{"level":"info","time":1778138824,"caller":"/Users/zhaosong/proj/go_proj2/backend/cmd/main.go:44","message":"Server is running on http://localhost:8080"}
{"level":"info","time":1778138830,"caller":"/Users/zhaosong/proj/go_proj2/backend/cmd/main.go:54","message":"Shutting down server..."}
{"level":"info","time":1778138830,"caller":"/Users/zhaosong/proj/go_proj2/backend/cmd/main.go:67","message":"Server exiting"}
